
    ____          __     __            __        __    __         
   /  _/___  ____/ /__  / /____  _____/ /_____ _/ /_  / /__  _____
   / // __ \/ __  / _ \/ __/ _ \/ ___/ __/ __ `/ __ \/ / _ \/ ___/
 _/ // / / / /_/ /  __/ /_/  __/ /__/ /_/ /_/ / /_/ / /  __(__  ) 
/___/_/ /_/\__,_/\___/\__/\___/\___/\__/\__,_/_.___/_/\___/____/  

Universal Tool Updater - by DSR!
https://github.com/xchwarze/universal-tool-updater

DIE: 3.02 is the latest version
ExeinfoPe: 0.0.6.5 is the latest version
XELFViewer: 0.02 is the latest version
XPEViewer: 0.01 is the latest version
XAPKDetector: 0.01 is the latest version
PE-Bear: 0.5.4 is the latest version
PEStudio: 9.13 is the latest version
CAPA: 1.6.3 is the latest version
JADX: 1.2.0 is the latest version
DnSpy: 6.1.8 is the latest version
ILSpy: 7.1 is the latest version
JD-GUI: 1.6.6 is the latest version
Recaf: 2.20.1 is the latest version
x64dbg: 2021-07-01_23-17 is the latest version
WinHex: 20.2 is the latest version
HxD: 2.5.0.0 (February 11, 2021) is the latest version
REHex: 0.3.91 is the latest version
ImHex: 1.8.1 is the latest version
Autoruns: 13.100 is the latest version
CurrPorts: 2.65 is the latest version
Portmon: 3.03 is the latest version
Process Explorer: 16.42 is the latest version
Process Hacker 2: 2.39 is the latest version
Process Hacker 3: 3.0.4195 is the latest version
Procmon: 3.83 is the latest version
TCPView: 4.13 is the latest version
Strings: 2.54 is the latest version
XOpcodeCalc: 0.02 is the latest version
Resource Hacker: 5.1.8 (360) is the latest version
FLOSS: 1.7.0 is the latest version
ProcDOT: 1.22 (Build 57) is the latest version
ApkStudio: 5.2.4 is the latest version
APKEasyTool: 1.57 is the latest version
AstroGrep: 4.4.7 is the latest version
Process-Dump: 2.1 is the latest version
Scylla: 0.9.8 is the latest version
Windows Kernel Explorer: 20210530 is the latest version
SysInspector: 1.4.2.0 is the latest version
GMER: 2.2.19882 is the latest version
UniExtract: 2.0.0-rc.3 is the latest version
